[debug] [2020-01-09T21:12:06.983Z] ----------------------------------------------------------------------
[debug] [2020-01-09T21:12:06.984Z] Command:       /Users/pro/.nvm/versions/node/v12.13.0/bin/node /usr/local/bin/firebase deploy
[debug] [2020-01-09T21:12:06.984Z] CLI Version:   7.6.1
[debug] [2020-01-09T21:12:06.985Z] Platform:      darwin
[debug] [2020-01-09T21:12:06.985Z] Node Version:  v12.13.0
[debug] [2020-01-09T21:12:06.985Z] Time:          Fri Jan 10 2020 07:12:06 GMT+1000 (Australian Eastern Standard Time)
[debug] [2020-01-09T21:12:06.985Z] ----------------------------------------------------------------------
[debug] [2020-01-09T21:12:06.985Z] 
[debug] [2020-01-09T21:12:06.991Z] > command requires scopes: ["email","openid","https://www.googleapis.com/auth/cloudplatformprojects.readonly","https://www.googleapis.com/auth/firebase","https://www.googleapis.com/auth/cloud-platform"]
[debug] [2020-01-09T21:12:06.992Z] > authorizing via signed-in user
[debug] [2020-01-09T21:12:06.992Z] [iam] checking project listingslab-pijs for permissions ["firebase.projects.get","firebasehosting.sites.update"]
[debug] [2020-01-09T21:12:06.993Z] > refreshing access token with scopes: ["email","https://www.googleapis.com/auth/cloud-platform","https://www.googleapis.com/auth/cloudplatformprojects.readonly","https://www.googleapis.com/auth/firebase","openid"]
[debug] [2020-01-09T21:12:06.993Z] >>> HTTP REQUEST POST https://www.googleapis.com/oauth2/v3/token  
 <request body omitted>
[debug] [2020-01-09T21:12:07.544Z] <<< HTTP RESPONSE 200
[debug] [2020-01-09T21:12:07.559Z] >>> HTTP REQUEST POST https://cloudresourcemanager.googleapis.com/v1/projects/listingslab-pijs:testIamPermissions  

[debug] [2020-01-09T21:12:09.859Z] <<< HTTP RESPONSE 200
[debug] [2020-01-09T21:12:09.860Z] >>> HTTP REQUEST GET https://firebase.googleapis.com/v1beta1/projects/listingslab-pijs  
 
[debug] [2020-01-09T21:12:11.113Z] <<< HTTP RESPONSE 200
[info] 
[info] === Deploying to 'listingslab-pijs'...
[info] 
[info] i  deploying hosting
[debug] [2020-01-09T21:12:11.117Z] >>> HTTP REQUEST POST https://firebasehosting.googleapis.com/v1beta1/sites/listingslab-pijs/versions  

[debug] [2020-01-09T21:12:13.786Z] <<< HTTP RESPONSE 200
[info] i  hosting[listingslab-pijs]: beginning deploy...
[info] i  hosting[listingslab-pijs]: found 71 files in react/build
[debug] [2020-01-09T21:12:14.098Z] [hosting] hash cache [cmVhY3QvYnVpbGQ] stored for 71 files
[debug] [2020-01-09T21:12:14.098Z] [hosting][hash queue][FINAL]
[debug] [2020-01-09T21:12:14.098Z] >>> HTTP REQUEST POST https://firebasehosting.googleapis.com/v1beta1/sites/listingslab-pijs/versions/5120ef726ab1d722:populateFiles  
 <request body omitted>
[debug] [2020-01-09T21:12:17.626Z] <<< HTTP RESPONSE 200
[debug] [2020-01-09T21:12:17.630Z] [hosting][populate queue][FINAL]
[debug] [2020-01-09T21:12:17.630Z] [hosting] uploads queued: 8
